2021-06-09 T 13:54:30 || Azure.Messaging.ServiceBus.ServiceBusException: Put token failed. status-code: 404, status-description: The messaging entity 'sb://crecoscorp.servicebus.windows.net/apdcaj017001queuerequest' could not be found. To know more visit https://aka.ms/sbResourceMgrExceptions.  TrackingId:955c2c05-9344-4b57-a183-cd192b18df26_G11, SystemTracker:crecoscorp.servicebus.windows.net:apdcaj017001queuerequest, Timestamp:2021-06-09T18:54:29. (MessagingEntityNotFound)
   at Azure.Messaging.ServiceBus.Amqp.AmqpConnectionScope.CreateSendingLinkAsync(String entityPath, String identifier, AmqpConnection connection, TimeSpan timeout, CancellationToken cancellationToken)
   at Azure.Messaging.ServiceBus.Amqp.AmqpConnectionScope.OpenSenderLinkAsync(String entityPath, String identifier, TimeSpan timeout, CancellationToken cancellationToken)
   at Azure.Messaging.ServiceBus.Amqp.AmqpSender.CreateLinkAndEnsureSenderStateAsync(TimeSpan timeout, CancellationToken cancellationToken)
   at Microsoft.Azure.Amqp.FaultTolerantAmqpObject`1.OnCreateAsync(TimeSpan timeout)
   at Microsoft.Azure.Amqp.Singleton`1.GetOrCreateAsync(TimeSpan timeout)
   at Microsoft.Azure.Amqp.Singleton`1.GetOrCreateAsync(TimeSpan timeout)
   at Azure.Messaging.ServiceBus.Amqp.AmqpSender.SendBatchInternalAsync(Func`1 messageFactory, TimeSpan timeout, CancellationToken cancellationToken)
   at Azure.Messaging.ServiceBus.Amqp.AmqpSender.SendBatchInternalAsync(Func`1 messageFactory, TimeSpan timeout, CancellationToken cancellationToken)
   at Azure.Messaging.ServiceBus.Amqp.AmqpSender.<>c__DisplayClass20_0.<<SendAsync>b__1>d.MoveNext()
--- End of stack trace from previous location where exception was thrown ---
   at Azure.Messaging.ServiceBus.ServiceBusRetryPolicy.RunOperation(Func`2 operation, TransportConnectionScope scope, CancellationToken cancellationToken)
   at Azure.Messaging.ServiceBus.ServiceBusRetryPolicy.RunOperation(Func`2 operation, TransportConnectionScope scope, CancellationToken cancellationToken)
   at Azure.Messaging.ServiceBus.Amqp.AmqpSender.SendAsync(IReadOnlyList`1 messages, CancellationToken cancellationToken)
   at Azure.Messaging.ServiceBus.ServiceBusSender.SendMessagesAsync(IEnumerable`1 messages, CancellationToken cancellationToken)
   at Azure.Messaging.ServiceBus.ServiceBusSender.SendMessageAsync(ServiceBusMessage message, CancellationToken cancellationToken)
   at DCAJ017.api.Infraestructure.Services.ManejadorRequest`1.EnviarMensajeAsync(String sesionId, String cadenaConexion, String nombreQueueRequest, T body) in C:\Users\henry\Desktop\INFORMACION_PWC\CODIGO\CAMBIOS_ID_SESION_LOG\REVISADOS\DCAJ017.api\DCAJ017.api\Infraestructure\Services\ManejadorRequest.cs:line 29
   at DCAJ017.api.Infraestructure.Services.ManejadorRequest`1.EnviarMensajeAsync(String sesionId, String cadenaConexion, String nombreQueueRequest, T body) in C:\Users\henry\Desktop\INFORMACION_PWC\CODIGO\CAMBIOS_ID_SESION_LOG\REVISADOS\DCAJ017.api\DCAJ017.api\Infraestructure\Services\ManejadorRequest.cs:line 33
   at DCAJ017.api.Controllers.DCAJ017001Controller.APDCAJ017001(APDCAJ017001MessageRequest parametrorequest) in C:\Users\henry\Desktop\INFORMACION_PWC\CODIGO\CAMBIOS_ID_SESION_LOG\REVISADOS\DCAJ017.api\DCAJ017.api\Controllers\DCAJ017001Controller.cs:line 64
2021-06-09 T 13:56:16 || Azure.Messaging.ServiceBus.ServiceBusException: Put token failed. status-code: 404, status-description: The messaging entity 'sb://crecoscorp.servicebus.windows.net/apdcaj017001queuerequest' could not be found. To know more visit https://aka.ms/sbResourceMgrExceptions.  TrackingId:57f45880-105e-4514-ad0d-d99624e89da8_G5, SystemTracker:crecoscorp.servicebus.windows.net:apdcaj017001queuerequest, Timestamp:2021-06-09T18:54:57. (MessagingEntityNotFound)
   at Azure.Messaging.ServiceBus.Amqp.AmqpConnectionScope.CreateSendingLinkAsync(String entityPath, String identifier, AmqpConnection connection, TimeSpan timeout, CancellationToken cancellationToken)
   at Azure.Messaging.ServiceBus.Amqp.AmqpConnectionScope.OpenSenderLinkAsync(String entityPath, String identifier, TimeSpan timeout, CancellationToken cancellationToken)
   at Azure.Messaging.ServiceBus.Amqp.AmqpSender.CreateLinkAndEnsureSenderStateAsync(TimeSpan timeout, CancellationToken cancellationToken)
   at Microsoft.Azure.Amqp.FaultTolerantAmqpObject`1.OnCreateAsync(TimeSpan timeout)
   at Microsoft.Azure.Amqp.Singleton`1.GetOrCreateAsync(TimeSpan timeout)
   at Microsoft.Azure.Amqp.Singleton`1.GetOrCreateAsync(TimeSpan timeout)
   at Azure.Messaging.ServiceBus.Amqp.AmqpSender.SendBatchInternalAsync(Func`1 messageFactory, TimeSpan timeout, CancellationToken cancellationToken)
   at Azure.Messaging.ServiceBus.Amqp.AmqpSender.SendBatchInternalAsync(Func`1 messageFactory, TimeSpan timeout, CancellationToken cancellationToken)
   at Azure.Messaging.ServiceBus.Amqp.AmqpSender.<>c__DisplayClass20_0.<<SendAsync>b__1>d.MoveNext()
--- End of stack trace from previous location where exception was thrown ---
   at Azure.Messaging.ServiceBus.ServiceBusRetryPolicy.RunOperation(Func`2 operation, TransportConnectionScope scope, CancellationToken cancellationToken)
   at Azure.Messaging.ServiceBus.ServiceBusRetryPolicy.RunOperation(Func`2 operation, TransportConnectionScope scope, CancellationToken cancellationToken)
   at Azure.Messaging.ServiceBus.Amqp.AmqpSender.SendAsync(IReadOnlyList`1 messages, CancellationToken cancellationToken)
   at Azure.Messaging.ServiceBus.ServiceBusSender.SendMessagesAsync(IEnumerable`1 messages, CancellationToken cancellationToken)
   at Azure.Messaging.ServiceBus.ServiceBusSender.SendMessageAsync(ServiceBusMessage message, CancellationToken cancellationToken)
   at DCAJ017.api.Infraestructure.Services.ManejadorRequest`1.EnviarMensajeAsync(String sesionId, String cadenaConexion, String nombreQueueRequest, T body) in C:\Users\henry\Desktop\INFORMACION_PWC\CODIGO\CAMBIOS_ID_SESION_LOG\REVISADOS\DCAJ017.api\DCAJ017.api\Infraestructure\Services\ManejadorRequest.cs:line 29
   at DCAJ017.api.Infraestructure.Services.ManejadorRequest`1.EnviarMensajeAsync(String sesionId, String cadenaConexion, String nombreQueueRequest, T body) in C:\Users\henry\Desktop\INFORMACION_PWC\CODIGO\CAMBIOS_ID_SESION_LOG\REVISADOS\DCAJ017.api\DCAJ017.api\Infraestructure\Services\ManejadorRequest.cs:line 33
   at DCAJ017.api.Controllers.DCAJ017001Controller.APDCAJ017001(APDCAJ017001MessageRequest parametrorequest) in C:\Users\henry\Desktop\INFORMACION_PWC\CODIGO\CAMBIOS_ID_SESION_LOG\REVISADOS\DCAJ017.api\DCAJ017.api\Controllers\DCAJ017001Controller.cs:line 64
